[?25l[..................] - idealTree:tinyapp: sill idealTree buildDeps[0m[K[..................] - idealTree:tinyapp: sill idealTree buildDeps[0m[K[..................] - idealTree:tinyapp: sill idealTree buildDeps[0m[K[..................] - idealTree:tinyapp: sill idealTree buildDeps[0m[K[..................] - idealTree:tinyapp: sill idealTree buildDeps[0m[K[..................] \ idealTree:bcrypt: sill placeDep ROOT bcrypt@2.0.0 OK for: tinyapp@1.0.0 want: 2.0.0[0m[K[..................] \ idealTree:bcrypt: sill placeDep ROOT bcrypt@2.0.0 OK for: tinyapp@1.0.0 want: 2.0.0[0m[K[#####.............] \ idealTree:node-pre-gyp: sill placeDep ROOT node-pre-gyp@0.9.0 OK for: bcrypt@2.0.0 want: 0.9.0[0m[K[#####.............] | idealTree:node-pre-gyp: sill placeDep ROOT node-pre-gyp@0.9.0 OK for: bcrypt@2.0.0 want: 0.9.0[0m[K[#####.............] | idealTree:node-pre-gyp: sill placeDep ROOT node-pre-gyp@0.9.0 OK for: bcrypt@2.0.0 want: 0.9.0[0m[K[#######...........] / idealTree:tar: sill fetch manifest glob@^7.1.3[0m[K[#######...........] \ idealTree:tar: sill fetch manifest glob@^7.1.3[0m[K[#######...........] \ idealTree:tar: sill fetch manifest glob@^7.1.3[0m[K[#######...........] | idealTree:tar: sill fetch manifest glob@^7.1.3[0m[K[####..............] \ idealTree:sax: sill fetch manifest ms@^2.1.1[0m[K[######............] | idealTree:set-blocking: sill fetch manifest wide-align@^1.1.0[0m[K[######............] \ idealTree:set-blocking: sill fetch manifest wide-align@^1.1.0[0m[K[#####.............] | idealTree:readable-stream: sill placeDep ROOT readable-stream@2.3.7 OK for: are-we-there-yet@1.1.5 want: ^2.0.6[0m[K[#####.............] | idealTree:readable-stream: sill placeDep ROOT readable-stream@2.3.7 OK for: are-we-there-yet@1.1.5 want: ^2.0.6[0m[K[######............] - idealTree:wide-align: sill fetch manifest ansi-regex@^2.0.0[0m[K[######............] | idealTree:wide-align: sill fetch manifest ansi-regex@^2.0.0[0m[K[######............] \ idealTree:glob: sill placeDep ROOT glob@7.1.6 OK for: rimraf@2.7.1 want: ^7.1.3[0m[K[########..........] \ idealTree:string-width: sill placeDep node_modules/wide-align string-width@2.1.1 OK for: wide-align@1.1.3 want: ^1.0.2[0m[K[########..........] - idealTree:is-fullwidth-code-point: sill placeDep node_modules/gauge is-fullwidth-code-point@1.0.0 OK for: string-width@[0m[K[#########.........] / idealTree:osenv: sill placeDep ROOT osenv@0.1.5 OK for: nopt@4.0.3 want: ^0.1.4[0m[K[#########.........] | idealTree:strip-ansi: sill placeDep node_modules/wide-align strip-ansi@4.0.0 OK for: string-width@2.1.1 want: ^4.0.0[0m[K[#########.........] | idealTree:strip-ansi: sill placeDep node_modules/wide-align strip-ansi@4.0.0 OK for: string-width@2.1.1 want: ^4.0.0[0m[K[#########.........] \ idealTree: timing idealTree Completed in 1532ms[0m[K[#########.........] - reify:bcrypt: timing reify:loadBundles Completed in 0ms[0m[K[#########.........] - reify:bcrypt: timing reify:loadBundles Completed in 0ms[0m[K[#########.........] - reify:bcrypt: timing reify:loadBundles Completed in 0ms[0m[K[#########.........] - reify:bcrypt: timing reify:loadBundles Completed in 0ms[0m[K[#########.........] - reify:bcrypt: timing reify:loadBundles Completed in 0ms[0m[K[###############...] / reify:mkdirp: timing reifyNode:node_modules/npmlog Completed in 277ms[0m[K[#################.] \ reify:debug: timing reifyNode:node_modules/glob Completed in 304ms[0m[K[#################.] \ reify:tar: timing reifyNode:node_modules/readable-stream Completed in 377ms[0m[K[K[?25hnpm WARN deprecated bcrypt@2.0.0: versions < v5.0.0 do not handle NUL in passwords properly
npm WARN deprecated node-pre-gyp@0.9.0: Please upgrade to @mapbox/node-pre-gyp: the non-scoped node-pre-gyp package is deprecated and only the @mapbox scoped package will recieve updates in the future
[?25l[##################] - reify:needle: timing reifyNode:node_modules/node-pre-gyp Completed in 412ms[0m[K[##################] - reify:nan: timing reifyNode:node_modules/needle Completed in 424ms[0m[K[##################] - reify:nan: timing reifyNode:node_modules/needle Completed in 424ms[0m[K[##################] - reify:nan: timing reifyNode:node_modules/needle Completed in 424ms[0m[K[##################] - reify:nan: timing reifyNode:node_modules/needle Completed in 424ms[0m[K[##################] - reify:nan: timing reifyNode:node_modules/needle Completed in 424ms[0m[K[##################] - reify:nan: timing reifyNode:node_modules/needle Completed in 424ms[0m[K[##################] - reify:nan: timing reifyNode:node_modules/needle Completed in 424ms[0m[K[##################] - reify:nan: timing reifyNode:node_modules/needle Completed in 424ms[0m[K[##################] - reify:nan: timing reifyNode:node_modules/needle Completed in 424ms[0m[K[##################] - reify:nan: timing reifyNode:node_modules/needle Completed in 424ms[0m[K[##################] - reify:nan: timing reifyNode:node_modules/needle Completed in 424ms[0m[K[##################] - reify:nan: timing reifyNode:node_modules/needle Completed in 424ms[0m[K[##################] - reify:nan: timing reifyNode:node_modules/needle Completed in 424ms[0m[K[##################] - reify:nan: timing reifyNode:node_modules/needle Completed in 424ms[0m[K[##################] - reify:nan: timing reifyNode:node_modules/needle Completed in 424ms[0m[K[##################] - reify:nan: timing reifyNode:node_modules/needle Completed in 424ms[0m[K[##################] - reify:nan: timing reifyNode:node_modules/needle Completed in 424ms[0m[K[##################] - reify:nan: timing reifyNode:node_modules/needle Completed in 424ms[0m[K[##################] - reify:nan: timing reifyNode:node_modules/needle Completed in 424ms[0m[K[##################] - reify:nan: timing reifyNode:node_modules/needle Completed in 424ms[0m[K[##################] - reify:nan: timing reifyNode:node_modules/needle Completed in 424ms[0m[K[##################] - reify:nan: timing reifyNode:node_modules/needle Completed in 424ms[0m[K[##################] - reify:nan: timing reifyNode:node_modules/needle Completed in 424ms[0m[K[##################] - reify:nan: timing reifyNode:node_modules/needle Completed in 424ms[0m[K[##################] - reify:nan: timing reifyNode:node_modules/needle Completed in 424ms[0m[K[##################] - reify:nan: timing reifyNode:node_modules/needle Completed in 424ms[0m[K[##################] - reify:nan: timing reifyNode:node_modules/needle Completed in 424ms[0m[K[##################] - reify:nan: timing reifyNode:node_modules/needle Completed in 424ms[0m[K[##################] - reify:nan: timing reifyNode:node_modules/needle Completed in 424ms[0m[K[##################] - reify:nan: timing reifyNode:node_modules/needle Completed in 424ms[0m[K[##################] - reify:nan: timing reifyNode:node_modules/needle Completed in 424ms[0m[K[##################] - reify:nan: timing reifyNode:node_modules/needle Completed in 424ms[0m[K[##################] - reify:nan: timing reifyNode:node_modules/needle Completed in 424ms[0m[K[##################] - reify:nan: timing reifyNode:node_modules/needle Completed in 424ms[0m[K[##################] - reify:nan: timing reifyNode:node_modules/needle Completed in 424ms[0m[K[##################] - reify:nan: timing reifyNode:node_modules/needle Completed in 424ms[0m[K[##################] - reify:nan: timing reifyNode:node_modules/needle Completed in 424ms[0m[K[##################] - reify:nan: timing reifyNode:node_modules/needle Completed in 424ms[0m[K[##################] - reify:nan: timing reifyNode:node_modules/needle Completed in 424ms[0m[K[##################] - reify:nan: timing reifyNode:node_modules/needle Completed in 424ms[0m[K[##################] - reify:nan: timing reifyNode:node_modules/needle Completed in 424ms[0m[K[##################] - reify:nan: timing reifyNode:node_modules/needle Completed in 424ms[0m[K[##################] - reify:nan: timing reifyNode:node_modules/needle Completed in 424ms[0m[K[##################] - reify:nan: timing reifyNode:node_modules/needle Completed in 424ms[0m[K[##################] - reify:nan: timing reifyNode:node_modules/needle Completed in 424ms[0m[K[##################] - reify:nan: timing reifyNode:node_modules/needle Completed in 424ms[0m[K[##################] - reify:nan: timing reifyNode:node_modules/needle Completed in 424ms[0m[K[##################] - reify:nan: timing reifyNode:node_modules/needle Completed in 424ms[0m[K[##################] - reify:nan: timing reifyNode:node_modules/needle Completed in 424ms[0m[K[##################] - reify:nan: timing reifyNode:node_modules/needle Completed in 424ms[0m[K[##################] - reify:nan: timing reifyNode:node_modules/needle Completed in 424ms[0m[K[##################] - reify:nan: timing reifyNode:node_modules/needle Completed in 424ms[0m[K[##################] - reify:nan: timing reifyNode:node_modules/needle Completed in 424ms[0m[K[##################] - reify:nan: timing reifyNode:node_modules/needle Completed in 424ms[0m[K[##################] - reify:nan: timing reifyNode:node_modules/needle Completed in 424ms[0m[K[##################] - reify:nan: timing reifyNode:node_modules/needle Completed in 424ms[0m[K[##################] - reify:nan: timing reifyNode:node_modules/needle Completed in 424ms[0m[K[##################] - reify:nan: timing reifyNode:node_modules/needle Completed in 424ms[0m[K[##################] - reify:nan: timing reifyNode:node_modules/needle Completed in 424ms[0m[K[##################] - reify:nan: timing reifyNode:node_modules/needle Completed in 424ms[0m[K[##################] - reify:nan: timing reifyNode:node_modules/needle Completed in 424ms[0m[K[##################] - reify:nan: timing reifyNode:node_modules/needle Completed in 424ms[0m[K[##################] - reify:nan: timing reifyNode:node_modules/needle Completed in 424ms[0m[K[##################] - reify:nan: timing reifyNode:node_modules/needle Completed in 424ms[0m[K[##################] - reify:nan: timing reifyNode:node_modules/needle Completed in 424ms[0m[K[##################] - reify:nan: timing reifyNode:node_modules/needle Completed in 424ms[0m[K[##################] - reify:nan: timing reifyNode:node_modules/needle Completed in 424ms[0m[K[##################] - reify:nan: timing reifyNode:node_modules/needle Completed in 424ms[0m[K[##################] - reify:nan: timing reifyNode:node_modules/needle Completed in 424ms[0m[K[##################] - reify:nan: timing reifyNode:node_modules/needle Completed in 424ms[0m[K[##################] \ reify:nan: timing reifyNode:node_modules/needle Completed in 424ms[0m[K[##################] \ reify:nan: timing reifyNode:node_modules/needle Completed in 424ms[0m[K[##################] \ reify:nan: timing reifyNode:node_modules/needle Completed in 424ms[0m[K[##################] | reify:nan: timing reifyNode:node_modules/needle Completed in 424ms[0m[K[K[?25hnpm ERR! code 1
npm ERR! path /vagrant/w3/tinyapp/node_modules/bcrypt
npm ERR! command failed
npm ERR! command sh -c node-pre-gyp install --fallback-to-build
npm ERR! make: Entering directory '/vagrant/w3/tinyapp/node_modules/bcrypt/build'
npm ERR!   CXX(target) Release/obj.target/bcrypt_lib/src/blowfish.o
npm ERR!   CXX(target) Release/obj.target/bcrypt_lib/src/bcrypt.o
npm ERR!   CXX(target) Release/obj.target/bcrypt_lib/src/bcrypt_node.o
npm ERR! bcrypt_lib.target.mk:113: recipe for target 'Release/obj.target/bcrypt_lib/src/bcrypt_node.o' failed
npm ERR! make: Leaving directory '/vagrant/w3/tinyapp/node_modules/bcrypt/build'
npm ERR! Failed to execute '/usr/bin/node /usr/lib/node_modules/npm/node_modules/node-gyp/bin/node-gyp.js build --fallback-to-build --module=/vagrant/w3/tinyapp/node_modules/bcrypt/lib/binding/bcrypt_lib.node --module_name=bcrypt_lib --module_path=/vagrant/w3/tinyapp/node_modules/bcrypt/lib/binding --napi_version=7 --node_abi_napi=napi' (1)
npm ERR! node-pre-gyp info it worked if it ends with ok
npm ERR! node-pre-gyp info using node-pre-gyp@0.9.0
npm ERR! node-pre-gyp info using node@15.5.1 | linux | x64
npm ERR! node-pre-gyp info check checked for "/vagrant/w3/tinyapp/node_modules/bcrypt/lib/binding/bcrypt_lib.node" (not found)
npm ERR! node-pre-gyp http GET https://github.com/kelektiv/node.bcrypt.js/releases/download/v2.0.0/bcrypt_lib-v2.0.0-node-v88-linux-x64-glibc.tar.gz
npm ERR! node-pre-gyp http 404 https://github.com/kelektiv/node.bcrypt.js/releases/download/v2.0.0/bcrypt_lib-v2.0.0-node-v88-linux-x64-glibc.tar.gz
npm ERR! node-pre-gyp ERR! Tried to download(404): https://github.com/kelektiv/node.bcrypt.js/releases/download/v2.0.0/bcrypt_lib-v2.0.0-node-v88-linux-x64-glibc.tar.gz 
npm ERR! node-pre-gyp ERR! Pre-built binaries not found for bcrypt@2.0.0 and node@15.5.1 (node-v88 ABI, glibc) (falling back to source compile with node-gyp) 
npm ERR! node-pre-gyp http 404 status code downloading tarball https://github.com/kelektiv/node.bcrypt.js/releases/download/v2.0.0/bcrypt_lib-v2.0.0-node-v88-linux-x64-glibc.tar.gz 
npm ERR! gyp info it worked if it ends with ok
npm ERR! gyp info using node-gyp@7.1.2
npm ERR! gyp info using node@15.5.1 | linux | x64
npm ERR! gyp info ok 
npm ERR! gyp info it worked if it ends with ok
npm ERR! gyp info using node-gyp@7.1.2
npm ERR! gyp info using node@15.5.1 | linux | x64
npm ERR! gyp info find Python using Python version 3.5.2 found at "/usr/bin/python3"
npm ERR! gyp info spawn /usr/bin/python3
npm ERR! gyp info spawn args [
npm ERR! gyp info spawn args   '/usr/lib/node_modules/npm/node_modules/node-gyp/gyp/gyp_main.py',
npm ERR! gyp info spawn args   'binding.gyp',
npm ERR! gyp info spawn args   '-f',
npm ERR! gyp info spawn args   'make',
npm ERR! gyp info spawn args   '-I',
npm ERR! gyp info spawn args   '/vagrant/w3/tinyapp/node_modules/bcrypt/build/config.gypi',
npm ERR! gyp info spawn args   '-I',
npm ERR! gyp info spawn args   '/usr/lib/node_modules/npm/node_modules/node-gyp/addon.gypi',
npm ERR! gyp info spawn args   '-I',
npm ERR! gyp info spawn args   '/home/vagrant/.cache/node-gyp/15.5.1/include/node/common.gypi',
npm ERR! gyp info spawn args   '-Dlibrary=shared_library',
npm ERR! gyp info spawn args   '-Dvisibility=default',
npm ERR! gyp info spawn args   '-Dnode_root_dir=/home/vagrant/.cache/node-gyp/15.5.1',
npm ERR! gyp info spawn args   '-Dnode_gyp_dir=/usr/lib/node_modules/npm/node_modules/node-gyp',
npm ERR! gyp info spawn args   '-Dnode_lib_file=/home/vagrant/.cache/node-gyp/15.5.1/<(target_arch)/node.lib',
npm ERR! gyp info spawn args   '-Dmodule_root_dir=/vagrant/w3/tinyapp/node_modules/bcrypt',
npm ERR! gyp info spawn args   '-Dnode_engine=v8',
npm ERR! gyp info spawn args   '--depth=.',
npm ERR! gyp info spawn args   '--no-parallel',
npm ERR! gyp info spawn args   '--generator-output',
npm ERR! gyp info spawn args   'build',
npm ERR! gyp info spawn args   '-Goutput_dir=.'
npm ERR! gyp info spawn args ]
npm ERR! gyp info ok 
npm ERR! gyp info it worked if it ends with ok
npm ERR! gyp info using node-gyp@7.1.2
npm ERR! gyp info using node@15.5.1 | linux | x64
npm ERR! gyp info spawn make
npm ERR! gyp info spawn args [ 'BUILDTYPE=Release', '-C', 'build' ]
npm ERR! In file included from ../../nan/nan_converters.h:67:0,
npm ERR!                  from ../../nan/nan.h:202,
npm ERR!                  from ../src/bcrypt_node.cc:1:
npm ERR! ../../nan/nan_converters_43_inl.h: In static member function â€˜static Nan::imp::ToFactoryBase<v8::Boolean>::return_t Nan::imp::ToFactory<v8::Boolean>::convert(v8::Local<v8::Value>)â€™:
npm ERR! ../../nan/nan_converters_43_inl.h:18:51: error: no matching function for call to â€˜v8::Value::ToBoolean(v8::Local<v8::Context>)â€™
npm ERR!        val->To ## TYPE(isolate->GetCurrentContext())                            \
npm ERR!                                                    ^
npm ERR! ../../nan/nan_converters_43_inl.h:22:1: note: in expansion of macro â€˜Xâ€™
npm ERR!  X(Boolean)
npm ERR!  ^
npm ERR! In file included from /home/vagrant/.cache/node-gyp/15.5.1/include/node/node.h:63:0,
npm ERR!                  from ../../nan/nan.h:51,
npm ERR!                  from ../src/bcrypt_node.cc:1:
npm ERR! /home/vagrant/.cache/node-gyp/15.5.1/include/node/v8.h:2894:18: note: candidate: v8::Local<v8::Boolean> v8::Value::ToBoolean(v8::Isolate*) const
npm ERR!    Local<Boolean> ToBoolean(Isolate* isolate) const;
npm ERR!                   ^
npm ERR! /home/vagrant/.cache/node-gyp/15.5.1/include/node/v8.h:2894:18: note:   no known conversion for argument 1 from â€˜v8::Local<v8::Context>â€™ to â€˜v8::Isolate*â€™
npm ERR! In file included from ../../nan/nan_converters.h:67:0,
npm ERR!                  from ../../nan/nan.h:202,
npm ERR!                  from ../src/bcrypt_node.cc:1:
npm ERR! ../../nan/nan_converters_43_inl.h: In static member function â€˜static Nan::imp::ValueFactoryBase<bool>::return_t Nan::imp::ToFactory<bool>::convert(v8::Local<v8::Value>)â€™:
npm ERR! ../../nan/nan_converters_43_inl.h:37:57: error: no matching function for call to â€˜v8::Value::BooleanValue(v8::Local<v8::Context>)â€™
npm ERR!    return val->NAME ## Value(isolate->GetCurrentContext());                     \
npm ERR!                                                          ^
npm ERR! ../../nan/nan_converters_43_inl.h:40:1: note: in expansion of macro â€˜Xâ€™
npm ERR!  X(bool, Boolean)
npm ERR!  ^
npm ERR! In file included from /home/vagrant/.cache/node-gyp/15.5.1/include/node/node.h:63:0,
npm ERR!                  from ../../nan/nan.h:51,
npm ERR!                  from ../src/bcrypt_node.cc:1:
npm ERR! /home/vagrant/.cache/node-gyp/15.5.1/include/node/v8.h:2904:8: note: candidate: bool v8::Value::BooleanValue(v8::Isolate*) const
npm ERR!    bool BooleanValue(Isolate* isolate) const;
npm ERR!         ^
npm ERR! /home/vagrant/.cache/node-gyp/15.5.1/include/node/v8.h:2904:8: note:   no known conversion for argument 1 from â€˜v8::Local<v8::Context>â€™ to â€˜v8::Isolate*â€™
npm ERR! In file included from ../../nan/nan_new.h:189:0,
npm ERR!                  from ../../nan/nan.h:203,
npm ERR!                  from ../src/bcrypt_node.cc:1:
npm ERR! ../../nan/nan_implementation_12_inl.h: In static member function â€˜static Nan::imp::FactoryBase<v8::Function>::return_t Nan::imp::Factory<v8::Function>::New(Nan::FunctionCallback, v8::Local<v8::Value>)â€™:
npm ERR! ../../nan/nan_implementation_12_inl.h:105:32: error: no matching function for call to â€˜v8::Function::New(v8::Isolate*&, void (&)(const v8::FunctionCallbackInfo<v8::Value>&), v8::Local<v8::Object>&)â€™
npm ERR!                            , obj));
npm ERR!                                 ^
npm ERR! In file included from /home/vagrant/.cache/node-gyp/15.5.1/include/node/node.h:63:0,
npm ERR!                  from ../../nan/nan.h:51,
npm ERR!                  from ../src/bcrypt_node.cc:1:
npm ERR! /home/vagrant/.cache/node-gyp/15.5.1/include/node/v8.h:4491:31: note: candidate: static v8::MaybeLocal<v8::Function> v8::Function::New(v8::Local<v8::Context>, v8::FunctionCallback, v8::Local<v8::Value>, int, v8::ConstructorBehavior, v8::SideEffectType)
npm ERR!    static MaybeLocal<Function> New(
npm ERR!                                ^
npm ERR! /home/vagrant/.cache/node-gyp/15.5.1/include/node/v8.h:4491:31: note:   no known conversion for argument 1 from â€˜v8::Isolate*â€™ to â€˜v8::Local<v8::Context>â€™
npm ERR! In file included from ../../nan/nan_new.h:189:0,
npm ERR!                  from ../../nan/nan.h:203,
npm ERR!                  from ../src/bcrypt_node.cc:1:
npm ERR! ../../nan/nan_implementation_12_inl.h: In static member function â€˜static Nan::imp::FactoryBase<v8::StringObject>::return_t Nan::imp::Factory<v8::StringObject>::New(v8::Local<v8::String>)â€™:
npm ERR! ../../nan/nan_implementation_12_inl.h:337:37: error: no matching function for call to â€˜v8::StringObject::New(v8::Local<v8::String>&)â€™
npm ERR!    return v8::StringObject::New(value).As<v8::StringObject>();
npm ERR!                                      ^
npm ERR! In file included from /home/vagrant/.cache/node-gyp/15.5.1/include/node/node.h:63:0,
npm ERR!                  from ../../nan/nan.h:51,
npm ERR!                  from ../src/bcrypt_node.cc:1:
npm ERR! /home/vagrant/.cache/node-gyp/15.5.1/include/node/v8.h:5900:23: note: candidate: static v8::Local<v8::Value> v8::StringObject::New(v8::Isolate*, v8::Local<v8::String>)
npm ERR!    static Local<Value> New(Isolate* isolate, Local<String> value);
npm ERR!                        ^
npm ERR! /home/vagrant/.cache/node-gyp/15.5.1/include/node/v8.h:5900:23: note:   candidate expects 2 arguments, 1 provided
npm ERR! In file included from ../../nan/nan_new.h:189:0,
npm ERR!                  from ../../nan/nan.h:203,
npm ERR!                  from ../src/bcrypt_node.cc:1:
npm ERR! ../../nan/nan_implementation_12_inl.h:337:58: error: expected primary-expression before â€˜>â€™ token
npm ERR!    return v8::StringObject::New(value).As<v8::StringObject>();
npm ERR!                                                           ^
npm ERR! ../../nan/nan_implementation_12_inl.h:337:60: error: expected primary-expression before â€˜)â€™ token
npm ERR!    return v8::StringObject::New(value).As<v8::StringObject>();
npm ERR!                                                             ^
npm ERR! In file included from ../src/bcrypt_node.cc:1:0:
npm ERR! ../../nan/nan.h: In constructor â€˜Nan::Utf8String::Utf8String(v8::Local<v8::Value>)â€™:
npm ERR! ../../nan/nan.h:1034:53: error: no matching function for call to â€˜v8::Value::ToString()â€™
npm ERR!        v8::Local<v8::String> string = from->ToString();
npm ERR!                                                      ^
npm ERR! In file included from /home/vagrant/.cache/node-gyp/15.5.1/include/node/node.h:63:0,
npm ERR!                  from ../../nan/nan.h:51,
npm ERR!                  from ../src/bcrypt_node.cc:1:
npm ERR! /home/vagrant/.cache/node-gyp/15.5.1/include/node/v8.h:2856:44: note: candidate: v8::MaybeLocal<v8::String> v8::Value::ToString(v8::Local<v8::Context>) const
npm ERR!    V8_WARN_UNUSED_RESULT MaybeLocal<String> ToString(
npm ERR!                                             ^
npm ERR! /home/vagrant/.cache/node-gyp/15.5.1/include/node/v8.h:2856:44: note:   candidate expects 1 argument, 0 provided
npm ERR! In file included from ../src/bcrypt_node.cc:1:0:
npm ERR! ../../nan/nan.h:1044:74: error: no matching function for call to â€˜v8::String::WriteUtf8(char*&, int, int, const int&)â€™
npm ERR!          length_ = string->WriteUtf8(str_, static_cast<int>(len), 0, flags);
npm ERR!                                                                           ^
npm ERR! In file included from /home/vagrant/.cache/node-gyp/15.5.1/include/node/node.h:63:0,
npm ERR!                  from ../../nan/nan.h:51,
npm ERR!                  from ../src/bcrypt_node.cc:1:
npm ERR! /home/vagrant/.cache/node-gyp/15.5.1/include/node/v8.h:3083:7: note: candidate: int v8::String::WriteUtf8(v8::Isolate*, char*, int, int*, int) const
npm ERR!    int WriteUtf8(Isolate* isolate, char* buffer, int length = -1,
npm ERR!        ^
npm ERR! /home/vagrant/.cache/node-gyp/15.5.1/include/node/v8.h:3083:7: note:   no known conversion for argument 1 from â€˜char*â€™ to â€˜v8::Isolate*â€™
npm ERR! In file included from ../src/bcrypt_node.cc:1:0:
npm ERR! ../../nan/nan.h: In member function â€˜void Nan::AsyncWorker::SaveToPersistent(const char*, const v8::Local<v8::Value>&)â€™:
npm ERR! ../../nan/nan.h:1818:64: error: no matching function for call to â€˜v8::Object::Set(v8::Local<v8::String>, const v8::Local<v8::Value>&)â€™
npm ERR!      New(persistentHandle)->Set(New(key).ToLocalChecked(), value);
npm ERR!                                                                 ^
npm ERR! In file included from /home/vagrant/.cache/node-gyp/15.5.1/include/node/node.h:63:0,
npm ERR!                  from ../../nan/nan.h:51,
npm ERR!                  from ../src/bcrypt_node.cc:1:
npm ERR! /home/vagrant/.cache/node-gyp/15.5.1/include/node/v8.h:3716:37: note: candidate: v8::Maybe<bool> v8::Object::Set(v8::Local<v8::Context>, v8::Local<v8::Value>, v8::Local<v8::Value>)
npm ERR!    V8_WARN_UNUSED_RESULT Maybe<bool> Set(Local<Context> context,
npm ERR!                                      ^
npm ERR! /home/vagrant/.cache/node-gyp/15.5.1/include/node/v8.h:3716:37: note:   candidate expects 3 arguments, 2 provided
npm ERR! /home/vagrant/.cache/node-gyp/15.5.1/include/node/v8.h:3719:37: note: candidate: v8::Maybe<bool> v8::Object::Set(v8::Local<v8::Context>, uint32_t, v8::Local<v8::Value>)
npm ERR!    V8_WARN_UNUSED_RESULT Maybe<bool> Set(Local<Context> context, uint32_t index,
npm ERR!                                      ^
npm ERR! /home/vagrant/.cache/node-gyp/15.5.1/include/node/v8.h:3719:37: note:   candidate expects 3 arguments, 2 provided
npm ERR! In file included from ../src/bcrypt_node.cc:1:0:
npm ERR! ../../nan/nan.h: In member function â€˜void Nan::AsyncWorker::SaveToPersistent(const v8::Local<v8::String>&, const v8::Local<v8::Value>&)â€™:
npm ERR! ../../nan/nan.h:1824:42: error: no matching function for call to â€˜v8::Object::Set(const v8::Local<v8::String>&, const v8::Local<v8::Value>&)â€™
npm ERR!      New(persistentHandle)->Set(key, value);
npm ERR!                                           ^
npm ERR! In file included from /home/vagrant/.cache/node-gyp/15.5.1/include/node/node.h:63:0,
npm ERR!                  from ../../nan/nan.h:51,
npm ERR!                  from ../src/bcrypt_node.cc:1:
npm ERR! /home/vagrant/.cache/node-gyp/15.5.1/include/node/v8.h:3716:37: note: candidate: v8::Maybe<bool> v8::Object::Set(v8::Local<v8::Context>, v8::Local<v8::Value>, v8::Local<v8::Value>)
npm ERR!    V8_WARN_UNUSED_RESULT Maybe<bool> Set(Local<Context> context,
npm ERR!                                      ^
npm ERR! /home/vagrant/.cache/node-gyp/15.5.1/include/node/v8.h:3716:37: note:   candidate expects 3 arguments, 2 provided
npm ERR! /home/vagrant/.cache/node-gyp/15.5.1/include/node/v8.h:3719:37: note: candidate: v8::Maybe<bool> v8::Object::Set(v8::Local<v8::Context>, uint32_t, v8::Local<v8::Value>)
npm ERR!    V8_WARN_UNUSED_RESULT Maybe<bool> Set(Local<Context> context, uint32_t index,
npm ERR!                                      ^
npm ERR! /home/vagrant/.cache/node-gyp/15.5.1/include/node/v8.h:3719:37: note:   candidate expects 3 arguments, 2 provided
npm ERR! In file included from ../src/bcrypt_node.cc:1:0:
npm ERR! ../../nan/nan.h: In member function â€˜void Nan::AsyncWorker::SaveToPersistent(uint32_t, const v8::Local<v8::Value>&)â€™:
npm ERR! ../../nan/nan.h:1830:44: error: no matching function for call to â€˜v8::Object::Set(uint32_t&, const v8::Local<v8::Value>&)â€™
npm ERR!      New(persistentHandle)->Set(index, value);
npm ERR!                                             ^
npm ERR! In file included from /home/vagrant/.cache/node-gyp/15.5.1/include/node/node.h:63:0,
npm ERR!                  from ../../nan/nan.h:51,
npm ERR!                  from ../src/bcrypt_node.cc:1:
npm ERR! /home/vagrant/.cache/node-gyp/15.5.1/include/node/v8.h:3716:37: note: candidate: v8::Maybe<bool> v8::Object::Set(v8::Local<v8::Context>, v8::Local<v8::Value>, v8::Local<v8::Value>)
npm ERR!    V8_WARN_UNUSED_RESULT Maybe<bool> Set(Local<Context> context,
npm ERR!                                      ^
npm ERR! /home/vagrant/.cache/node-gyp/15.5.1/include/node/v8.h:3716:37: note:   candidate expects 3 arguments, 2 provided
npm ERR! /home/vagrant/.cache/node-gyp/15.5.1/include/node/v8.h:3719:37: note: candidate: v8::Maybe<bool> v8::Object::Set(v8::Local<v8::Context>, uint32_t, v8::Local<v8::Value>)
npm ERR!    V8_WARN_UNUSED_RESULT Maybe<bool> Set(Local<Context> context, uint32_t index,
npm ERR!                                      ^
npm ERR! /home/vagrant/.cache/node-gyp/15.5.1/include/node/v8.h:3719:37: note:   candidate expects 3 arguments, 2 provided
npm ERR! In file included from ../src/bcrypt_node.cc:1:0:
npm ERR! ../../nan/nan.h: In member function â€˜v8::Local<v8::Value> Nan::AsyncWorker::GetFromPersistent(const char*) constâ€™:
npm ERR! ../../nan/nan.h:1836:61: error: no matching function for call to â€˜v8::Object::Get(v8::Local<v8::String>)â€™
npm ERR!          New(persistentHandle)->Get(New(key).ToLocalChecked()));
npm ERR!                                                              ^
npm ERR! In file included from /home/vagrant/.cache/node-gyp/15.5.1/include/node/node.h:63:0,
npm ERR!                  from ../../nan/nan.h:51,
npm ERR!                  from ../src/bcrypt_node.cc:1:
npm ERR! /home/vagrant/.cache/node-gyp/15.5.1/include/node/v8.h:3763:43: note: candidate: v8::MaybeLocal<v8::Value> v8::Object::Get(v8::Local<v8::Context>, v8::Local<v8::Value>)
npm ERR!    V8_WARN_UNUSED_RESULT MaybeLocal<Value> Get(Local<Context> context,
npm ERR!                                            ^
npm ERR! /home/vagrant/.cache/node-gyp/15.5.1/include/node/v8.h:3763:43: note:   candidate expects 2 arguments, 1 provided
npm ERR! /home/vagrant/.cache/node-gyp/15.5.1/include/node/v8.h:3766:43: note: candidate: v8::MaybeLocal<v8::Value> v8::Object::Get(v8::Local<v8::Context>, uint32_t)
npm ERR!    V8_WARN_UNUSED_RESULT MaybeLocal<Value> Get(Local<Context> context,
npm ERR!                                            ^
npm ERR! /home/vagrant/.cache/node-gyp/15.5.1/include/node/v8.h:3766:43: note:   candidate expects 2 arguments, 1 provided
npm ERR! In file included from ../src/bcrypt_node.cc:1:0:
npm ERR! ../../nan/nan.h: In member function â€˜v8::Local<v8::Value> Nan::AsyncWorker::GetFromPersistent(const v8::Local<v8::String>&) constâ€™:
npm ERR! ../../nan/nan.h:1842:55: error: no matching function for call to â€˜v8::Object::Get(const v8::Local<v8::String>&)â€™
npm ERR!      return scope.Escape(New(persistentHandle)->Get(key));
npm ERR!                                                        ^
npm ERR! In file included from /home/vagrant/.cache/node-gyp/15.5.1/include/node/node.h:63:0,
npm ERR!                  from ../../nan/nan.h:51,
npm ERR!                  from ../src/bcrypt_node.cc:1:
npm ERR! /home/vagrant/.cache/node-gyp/15.5.1/include/node/v8.h:3763:43: note: candidate: v8::MaybeLocal<v8::Value> v8::Object::Get(v8::Local<v8::Context>, v8::Local<v8::Value>)
npm ERR!    V8_WARN_UNUSED_RESULT MaybeLocal<Value> Get(Local<Context> context,
npm ERR!                                            ^
npm ERR! /home/vagrant/.cache/node-gyp/15.5.1/include/node/v8.h:3763:43: note:   candidate expects 2 arguments, 1 provided
npm ERR! /home/vagrant/.cache/node-gyp/15.5.1/include/node/v8.h:3766:43: note: candidate: v8::MaybeLocal<v8::Value> v8::Object::Get(v8::Local<v8::Context>, uint32_t)
npm ERR!    V8_WARN_UNUSED_RESULT MaybeLocal<Value> Get(Local<Context> context,
npm ERR!                                            ^
npm ERR! /home/vagrant/.cache/node-gyp/15.5.1/include/node/v8.h:3766:43: note:   candidate expects 2 arguments, 1 provided
npm ERR! In file included from ../src/bcrypt_node.cc:1:0:
npm ERR! ../../nan/nan.h: In member function â€˜v8::Local<v8::Value> Nan::AsyncWorker::GetFromPersistent(uint32_t) constâ€™:
npm ERR! ../../nan/nan.h:1847:57: error: no matching function for call to â€˜v8::Object::Get(uint32_t&)â€™
npm ERR!      return scope.Escape(New(persistentHandle)->Get(index));
npm ERR!                                                          ^
npm ERR! In file included from /home/vagrant/.cache/node-gyp/15.5.1/include/node/node.h:63:0,
npm ERR!                  from ../../nan/nan.h:51,
npm ERR!                  from ../src/bcrypt_node.cc:1:
npm ERR! /home/vagrant/.cache/node-gyp/15.5.1/include/node/v8.h:3763:43: note: candidate: v8::MaybeLocal<v8::Value> v8::Object::Get(v8::Local<v8::Context>, v8::Local<v8::Value>)
npm ERR!    V8_WARN_UNUSED_RESULT MaybeLocal<Value> Get(Local<Context> context,
npm ERR!                                            ^
npm ERR! /home/vagrant/.cache/node-gyp/15.5.1/include/node/v8.h:3763:43: note:   candidate expects 2 arguments, 1 provided
npm ERR! /home/vagrant/.cache/node-gyp/15.5.1/include/node/v8.h:3766:43: note: candidate: v8::MaybeLocal<v8::Value> v8::Object::Get(v8::Local<v8::Context>, uint32_t)
npm ERR!    V8_WARN_UNUSED_RESULT MaybeLocal<Value> Get(Local<Context> context,
npm ERR!                                            ^
npm ERR! /home/vagrant/.cache/node-gyp/15.5.1/include/node/v8.h:3766:43: note:   candidate expects 2 arguments, 1 provided
npm ERR! In file included from /usr/include/c++/5/cassert:43:0,
npm ERR!                  from /home/vagrant/.cache/node-gyp/15.5.1/include/node/node_object_wrap.h:26,
npm ERR!                  from ../../nan/nan.h:53,
npm ERR!                  from ../src/bcrypt_node.cc:1:
npm ERR! ../../nan/nan_object_wrap.h: In destructor â€˜virtual Nan::ObjectWrap::~ObjectWrap()â€™:
npm ERR! ../../nan/nan_object_wrap.h:24:25: error: â€˜class Nan::Persistent<v8::Object>â€™ has no member named â€˜IsNearDeathâ€™
npm ERR!      assert(persistent().IsNearDeath());
npm ERR!                          ^
npm ERR! In file included from ../../nan/nan.h:2657:0,
npm ERR!                  from ../src/bcrypt_node.cc:1:
npm ERR! ../../nan/nan_object_wrap.h: In member function â€˜void Nan::ObjectWrap::MakeWeak()â€™:
npm ERR! ../../nan/nan_object_wrap.h:67:18: error: â€˜class Nan::Persistent<v8::Object>â€™ has no member named â€˜MarkIndependentâ€™
npm ERR!      persistent().MarkIndependent();
npm ERR!                   ^
npm ERR! In file included from /usr/include/c++/5/cassert:43:0,
npm ERR!                  from /home/vagrant/.cache/node-gyp/15.5.1/include/node/node_object_wrap.h:26,
npm ERR!                  from ../../nan/nan.h:53,
npm ERR!                  from ../src/bcrypt_node.cc:1:
npm ERR! ../../nan/nan_object_wrap.h: In static member function â€˜static void Nan::ObjectWrap::WeakCallback(const v8::WeakCallbackInfo<Nan::ObjectWrap>&)â€™:
npm ERR! ../../nan/nan_object_wrap.h:124:26: error: â€˜class Nan::Persistent<v8::Object>â€™ has no member named â€˜IsNearDeathâ€™
npm ERR!      assert(wrap->handle_.IsNearDeath());
npm ERR!                           ^
npm ERR! ../src/bcrypt_node.cc: In function â€˜char {anonymous}::ToCharVersion(v8::Local<v8::String>)â€™:
npm ERR! ../src/bcrypt_node.cc:66:30: error: no matching function for call to â€˜v8::String::Utf8Value::Utf8Value(v8::Local<v8::String>&)â€™
npm ERR!    String::Utf8Value value(str);
npm ERR!                               ^
npm ERR! In file included from /home/vagrant/.cache/node-gyp/15.5.1/include/node/node.h:63:0,
npm ERR!                  from ../../nan/nan.h:51,
npm ERR!                  from ../src/bcrypt_node.cc:1:
npm ERR! /home/vagrant/.cache/node-gyp/15.5.1/include/node/v8.h:3333:5: note: candidate: v8::String::Utf8Value::Utf8Value(v8::Isolate*, v8::Local<v8::Value>)
npm ERR!      Utf8Value(Isolate* isolate, Local<v8::Value> obj);
npm ERR!      ^
npm ERR! /home/vagrant/.cache/node-gyp/15.5.1/include/node/v8.h:3333:5: note:   candidate expects 2 arguments, 1 provided
npm ERR! ../src/bcrypt_node.cc: In function â€˜Nan::NAN_METHOD_RETURN_TYPE {anonymous}::GenerateSalt(Nan::NAN_METHOD_ARGS_TYPE)â€™:
npm ERR! ../src/bcrypt_node.cc:121:60: error: no matching function for call to â€˜v8::Value::ToString()â€™
npm ERR!      const char minor_ver = ToCharVersion(info[0]->ToString());
npm ERR!                                                             ^
npm ERR! In file included from /home/vagrant/.cache/node-gyp/15.5.1/include/node/node.h:63:0,
npm ERR!                  from ../../nan/nan.h:51,
npm ERR!                  from ../src/bcrypt_node.cc:1:
npm ERR! /home/vagrant/.cache/node-gyp/15.5.1/include/node/v8.h:2856:44: note: candidate: v8::MaybeLocal<v8::String> v8::Value::ToString(v8::Local<v8::Context>) const
npm ERR!    V8_WARN_UNUSED_RESULT MaybeLocal<String> ToString(
npm ERR!                                             ^
npm ERR! /home/vagrant/.cache/node-gyp/15.5.1/include/node/v8.h:2856:44: note:   candidate expects 1 argument, 0 provided
npm ERR! ../src/bcrypt_node.cc: In function â€˜Nan::NAN_METHOD_RETURN_TYPE {anonymous}::GenerateSaltSync(Nan::NAN_METHOD_ARGS_TYPE)â€™:
npm ERR! ../src/bcrypt_node.cc:150:60: error: no matching function for call to â€˜v8::Value::ToString()â€™
npm ERR!      const char minor_ver = ToCharVersion(info[0]->ToString());
npm ERR!                                                             ^
npm ERR! In file included from /home/vagrant/.cache/node-gyp/15.5.1/include/node/node.h:63:0,
npm ERR!                  from ../../nan/nan.h:51,
npm ERR!                  from ../src/bcrypt_node.cc:1:
npm ERR! /home/vagrant/.cache/node-gyp/15.5.1/include/node/v8.h:2856:44: note: candidate: v8::MaybeLocal<v8::String> v8::Value::ToString(v8::Local<v8::Context>) const
npm ERR!    V8_WARN_UNUSED_RESULT MaybeLocal<String> ToString(
npm ERR!                                             ^
npm ERR! /home/vagrant/.cache/node-gyp/15.5.1/include/node/v8.h:2856:44: note:   candidate expects 1 argument, 0 provided
npm ERR! ../src/bcrypt_node.cc: In function â€˜Nan::NAN_METHOD_RETURN_TYPE {anonymous}::Encrypt(Nan::NAN_METHOD_ARGS_TYPE)â€™:
npm ERR! ../src/bcrypt_node.cc:212:44: error: no matching function for call to â€˜v8::Value::ToString()â€™
npm ERR!      Nan::Utf8String data(info[0]->ToString());
npm ERR!                                             ^
npm ERR! In file included from /home/vagrant/.cache/node-gyp/15.5.1/include/node/node.h:63:0,
npm ERR!                  from ../../nan/nan.h:51,
npm ERR!                  from ../src/bcrypt_node.cc:1:
npm ERR! /home/vagrant/.cache/node-gyp/15.5.1/include/node/v8.h:2856:44: note: candidate: v8::MaybeLocal<v8::String> v8::Value::ToString(v8::Local<v8::Context>) const
npm ERR!    V8_WARN_UNUSED_RESULT MaybeLocal<String> ToString(
npm ERR!                                             ^
npm ERR! /home/vagrant/.cache/node-gyp/15.5.1/include/node/v8.h:2856:44: note:   candidate expects 1 argument, 0 provided
npm ERR! ../src/bcrypt_node.cc:213:44: error: no matching function for call to â€˜v8::Value::ToString()â€™
npm ERR!      Nan::Utf8String salt(info[1]->ToString());
npm ERR!                                             ^
npm ERR! In file included from /home/vagrant/.cache/node-gyp/15.5.1/include/node/node.h:63:0,
npm ERR!                  from ../../nan/nan.h:51,
npm ERR!                  from ../src/bcrypt_node.cc:1:
npm ERR! /home/vagrant/.cache/node-gyp/15.5.1/include/node/v8.h:2856:44: note: candidate: v8::MaybeLocal<v8::String> v8::Value::ToString(v8::Local<v8::Context>) const
npm ERR!    V8_WARN_UNUSED_RESULT MaybeLocal<String> ToString(
npm ERR!                                             ^
npm ERR! /home/vagrant/.cache/node-gyp/15.5.1/include/node/v8.h:2856:44: note:   candidate expects 1 argument, 0 provided
npm ERR! ../src/bcrypt_node.cc: In function â€˜Nan::NAN_METHOD_RETURN_TYPE {anonymous}::EncryptSync(Nan::NAN_METHOD_ARGS_TYPE)â€™:
npm ERR! ../src/bcrypt_node.cc:231:44: error: no matching function for call to â€˜v8::Value::ToString()â€™
npm ERR!      Nan::Utf8String data(info[0]->ToString());
npm ERR!                                             ^
npm ERR! In file included from /home/vagrant/.cache/node-gyp/15.5.1/include/node/node.h:63:0,
npm ERR!                  from ../../nan/nan.h:51,
npm ERR!                  from ../src/bcrypt_node.cc:1:
npm ERR! /home/vagrant/.cache/node-gyp/15.5.1/include/node/v8.h:2856:44: note: candidate: v8::MaybeLocal<v8::String> v8::Value::ToString(v8::Local<v8::Context>) const
npm ERR!    V8_WARN_UNUSED_RESULT MaybeLocal<String> ToString(
npm ERR!                                             ^
npm ERR! /home/vagrant/.cache/node-gyp/15.5.1/include/node/v8.h:2856:44: note:   candidate expects 1 argument, 0 provided
npm ERR! ../src/bcrypt_node.cc:232:44: error: no matching function for call to â€˜v8::Value::ToString()â€™
npm ERR!      Nan::Utf8String salt(info[1]->ToString());
npm ERR!                                             ^
npm ERR! In file included from /home/vagrant/.cache/node-gyp/15.5.1/include/node/node.h:63:0,
npm ERR!                  from ../../nan/nan.h:51,
npm ERR!                  from ../src/bcrypt_node.cc:1:
npm ERR! /home/vagrant/.cache/node-gyp/15.5.1/include/node/v8.h:2856:44: note: candidate: v8::MaybeLocal<v8::String> v8::Value::ToString(v8::Local<v8::Context>) const
npm ERR!    V8_WARN_UNUSED_RESULT MaybeLocal<String> ToString(
npm ERR!                                             ^
npm ERR! /home/vagrant/.cache/node-gyp/15.5.1/include/node/v8.h:2856:44: note:   candidate expects 1 argument, 0 provided
npm ERR! ../src/bcrypt_node.cc: In function â€˜Nan::NAN_METHOD_RETURN_TYPE {anonymous}::Compare(Nan::NAN_METHOD_ARGS_TYPE)â€™:
npm ERR! ../src/bcrypt_node.cc:312:45: error: no matching function for call to â€˜v8::Value::ToString()â€™
npm ERR!      Nan::Utf8String input(info[0]->ToString());
npm ERR!                                              ^
npm ERR! In file included from /home/vagrant/.cache/node-gyp/15.5.1/include/node/node.h:63:0,
npm ERR!                  from ../../nan/nan.h:51,
npm ERR!                  from ../src/bcrypt_node.cc:1:
npm ERR! /home/vagrant/.cache/node-gyp/15.5.1/include/node/v8.h:2856:44: note: candidate: v8::MaybeLocal<v8::String> v8::Value::ToString(v8::Local<v8::Context>) const
npm ERR!    V8_WARN_UNUSED_RESULT MaybeLocal<String> ToString(
npm ERR!                                             ^
npm ERR! /home/vagrant/.cache/node-gyp/15.5.1/include/node/v8.h:2856:44: note:   candidate expects 1 argument, 0 provided
npm ERR! ../src/bcrypt_node.cc:313:49: error: no matching function for call to â€˜v8::Value::ToString()â€™
npm ERR!      Nan::Utf8String encrypted(info[1]->ToString());
npm ERR!                                                  ^
npm ERR! In file included from /home/vagrant/.cache/node-gyp/15.5.1/include/node/node.h:63:0,
npm ERR!                  from ../../nan/nan.h:51,
npm ERR!                  from ../src/bcrypt_node.cc:1:
npm ERR! /home/vagrant/.cache/node-gyp/15.5.1/include/node/v8.h:2856:44: note: candidate: v8::MaybeLocal<v8::String> v8::Value::ToString(v8::Local<v8::Context>) const
npm ERR!    V8_WARN_UNUSED_RESULT MaybeLocal<String> ToString(
npm ERR!                                             ^
npm ERR! /home/vagrant/.cache/node-gyp/15.5.1/include/node/v8.h:2856:44: note:   candidate expects 1 argument, 0 provided
npm ERR! ../src/bcrypt_node.cc: In function â€˜Nan::NAN_METHOD_RETURN_TYPE {anonymous}::CompareSync(Nan::NAN_METHOD_ARGS_TYPE)â€™:
npm ERR! ../src/bcrypt_node.cc:331:42: error: no matching function for call to â€˜v8::Value::ToString()â€™
npm ERR!      Nan::Utf8String pw(info[0]->ToString());
npm ERR!                                           ^
npm ERR! In file included from /home/vagrant/.cache/node-gyp/15.5.1/include/node/node.h:63:0,
npm ERR!                  from ../../nan/nan.h:51,
npm ERR!                  from ../src/bcrypt_node.cc:1:
npm ERR! /home/vagrant/.cache/node-gyp/15.5.1/include/node/v8.h:2856:44: note: candidate: v8::MaybeLocal<v8::String> v8::Value::ToString(v8::Local<v8::Context>) const
npm ERR!    V8_WARN_UNUSED_RESULT MaybeLocal<String> ToString(
npm ERR!                                             ^
npm ERR! /home/vagrant/.cache/node-gyp/15.5.1/include/node/v8.h:2856:44: note:   candidate expects 1 argument, 0 provided
npm ERR! ../src/bcrypt_node.cc:332:44: error: no matching function for call to â€˜v8::Value::ToString()â€™
npm ERR!      Nan::Utf8String hash(info[1]->ToString());
npm ERR!                                             ^
npm ERR! In file included from /home/vagrant/.cache/node-gyp/15.5.1/include/node/node.h:63:0,
npm ERR!                  from ../../nan/nan.h:51,
npm ERR!                  from ../src/bcrypt_node.cc:1:
npm ERR! /home/vagrant/.cache/node-gyp/15.5.1/include/node/v8.h:2856:44: note: candidate: v8::MaybeLocal<v8::String> v8::Value::ToString(v8::Local<v8::Context>) const
npm ERR!    V8_WARN_UNUSED_RESULT MaybeLocal<String> ToString(
npm ERR!                                             ^
npm ERR! /home/vagrant/.cache/node-gyp/15.5.1/include/node/v8.h:2856:44: note:   candidate expects 1 argument, 0 provided
npm ERR! ../src/bcrypt_node.cc: In function â€˜Nan::NAN_METHOD_RETURN_TYPE {anonymous}::GetRounds(Nan::NAN_METHOD_ARGS_TYPE)â€™:
npm ERR! ../src/bcrypt_node.cc:352:44: error: no matching function for call to â€˜v8::Value::ToString()â€™
npm ERR!      Nan::Utf8String hash(info[0]->ToString());
npm ERR!                                             ^
npm ERR! In file included from /home/vagrant/.cache/node-gyp/15.5.1/include/node/node.h:63:0,
npm ERR!                  from ../../nan/nan.h:51,
npm ERR!                  from ../src/bcrypt_node.cc:1:
npm ERR! /home/vagrant/.cache/node-gyp/15.5.1/include/node/v8.h:2856:44: note: candidate: v8::MaybeLocal<v8::String> v8::Value::ToString(v8::Local<v8::Context>) const
npm ERR!    V8_WARN_UNUSED_RESULT MaybeLocal<String> ToString(
npm ERR!                                             ^
npm ERR! /home/vagrant/.cache/node-gyp/15.5.1/include/node/v8.h:2856:44: note:   candidate expects 1 argument, 0 provided
npm ERR! make: *** [Release/obj.target/bcrypt_lib/src/bcrypt_node.o] Error 1
npm ERR! gyp ERR! build error 
npm ERR! gyp ERR! stack Error: `make` failed with exit code: 2
npm ERR! gyp ERR! stack     at ChildProcess.onExit (/usr/lib/node_modules/npm/node_modules/node-gyp/lib/build.js:194:23)
npm ERR! gyp ERR! stack     at ChildProcess.emit (node:events:376:20)
npm ERR! gyp ERR! stack     at Process.ChildProcess._handle.onexit (node:internal/child_process:284:12)
npm ERR! gyp ERR! System Linux 4.4.0-87-generic
npm ERR! gyp ERR! command "/usr/bin/node" "/usr/lib/node_modules/npm/node_modules/node-gyp/bin/node-gyp.js" "build" "--fallback-to-build" "--module=/vagrant/w3/tinyapp/node_modules/bcrypt/lib/binding/bcrypt_lib.node" "--module_name=bcrypt_lib" "--module_path=/vagrant/w3/tinyapp/node_modules/bcrypt/lib/binding" "--napi_version=7" "--node_abi_napi=napi"
npm ERR! gyp ERR! cwd /vagrant/w3/tinyapp/node_modules/bcrypt
npm ERR! gyp ERR! node -v v15.5.1
npm ERR! gyp ERR! node-gyp -v v7.1.2
npm ERR! gyp ERR! not ok 
npm ERR! node-pre-gyp ERR! build error 
npm ERR! node-pre-gyp ERR! stack Error: Failed to execute '/usr/bin/node /usr/lib/node_modules/npm/node_modules/node-gyp/bin/node-gyp.js build --fallback-to-build --module=/vagrant/w3/tinyapp/node_modules/bcrypt/lib/binding/bcrypt_lib.node --module_name=bcrypt_lib --module_path=/vagrant/w3/tinyapp/node_modules/bcrypt/lib/binding --napi_version=7 --node_abi_napi=napi' (1)
npm ERR! node-pre-gyp ERR! stack     at ChildProcess.<anonymous> (/vagrant/w3/tinyapp/node_modules/node-pre-gyp/lib/util/compile.js:83:29)
npm ERR! node-pre-gyp ERR! stack     at ChildProcess.emit (node:events:376:20)
npm ERR! node-pre-gyp ERR! stack     at maybeClose (node:internal/child_process:1063:16)
npm ERR! node-pre-gyp ERR! stack     at Process.ChildProcess._handle.onexit (node:internal/child_process:295:5)
npm ERR! node-pre-gyp ERR! System Linux 4.4.0-87-generic
npm ERR! node-pre-gyp ERR! command "/usr/bin/node" "/vagrant/w3/tinyapp/node_modules/.bin/node-pre-gyp" "install" "--fallback-to-build"
npm ERR! node-pre-gyp ERR! cwd /vagrant/w3/tinyapp/node_modules/bcrypt
npm ERR! node-pre-gyp ERR! node -v v15.5.1
npm ERR! node-pre-gyp ERR! node-pre-gyp -v v0.9.0
npm ERR! node-pre-gyp ERR! not ok

npm ERR! A complete log of this run can be found in:
npm ERR!     /home/vagrant/.npm/_logs/2021-02-18T22_47_47_151Z-debug.log
